<?xml version="1.0" encoding="UTF-8"?>
<testng-results ignored="0" total="1" passed="1" failed="0" skipped="0">
  <reporter-output>
  </reporter-output>
  <suite started-at="2026-03-19T15:38:32 IST" name="LeadManagerSuite" finished-at="2026-03-19T15:38:36 IST" duration-ms="4303">
    <groups>
    </groups>
    <test started-at="2026-03-19T15:38:32 IST" name="Test_chrome" finished-at="2026-03-19T15:38:36 IST" duration-ms="4303">
      <class name="com.leadManager.Test.LeadFlowTest">
        <test-method is-config="true" signature="loadConfig()[pri:0, instance:com.leadManager.Test.LeadFlowTest@47af7f3d]" started-at="2026-03-19T15:38:32 IST" name="loadConfig" finished-at="2026-03-19T15:38:32 IST" duration-ms="8" status="PASS">
          <reporter-output>
          </reporter-output>
        </test-method> <!-- loadConfig -->
        <test-method is-config="true" signature="setup()[pri:0, instance:com.leadManager.Test.LeadFlowTest@47af7f3d]" started-at="2026-03-19T15:38:32 IST" name="setup" finished-at="2026-03-19T15:38:34 IST" duration-ms="1892" status="PASS">
          <reporter-output>
          </reporter-output>
        </test-method> <!-- setup -->
        <test-method is-config="true" signature="setupPages()[pri:0, instance:com.leadManager.Test.LeadFlowTest@47af7f3d]" started-at="2026-03-19T15:38:34 IST" name="setupPages" finished-at="2026-03-19T15:38:34 IST" duration-ms="2" status="PASS">
          <reporter-output>
          </reporter-output>
        </test-method> <!-- setupPages -->
        <test-method signature="testCreateLeadFlow()[pri:0, instance:com.leadManager.Test.LeadFlowTest@47af7f3d]" started-at="2026-03-19T15:38:34 IST" name="testCreateLeadFlow" finished-at="2026-03-19T15:38:36 IST" duration-ms="2276" status="PASS">
          <reporter-output>
          </reporter-output>
        </test-method> <!-- testCreateLeadFlow -->
        <test-method is-config="true" signature="tearDown()[pri:0, instance:com.leadManager.Test.LeadFlowTest@47af7f3d]" started-at="2026-03-19T15:38:36 IST" name="tearDown" finished-at="2026-03-19T15:38:36 IST" duration-ms="110" status="PASS">
          <reporter-output>
          </reporter-output>
        </test-method> <!-- tearDown -->
      </class> <!-- com.leadManager.Test.LeadFlowTest -->
    </test> <!-- Test_chrome -->
  </suite> <!-- LeadManagerSuite -->
</testng-results>
