<?xml version="1.0" encoding="UTF-8"?>
<testng-results ignored="0" total="1" passed="1" failed="0" skipped="0">
  <reporter-output>
  </reporter-output>
  <suite started-at="2026-03-19T16:28:00 IST" name="LeadManagerSuite" finished-at="2026-03-19T16:28:07 IST" duration-ms="7154">
    <groups>
    </groups>
    <test started-at="2026-03-19T16:28:00 IST" name="Test_chrome" finished-at="2026-03-19T16:28:07 IST" duration-ms="7154">
      <class name="com.leadManager.Test.LeadFlowTest">
        <test-method is-config="true" signature="loadConfig()[pri:0, instance:com.leadManager.Test.LeadFlowTest@1ff4931d]" started-at="2026-03-19T16:28:00 IST" name="loadConfig" finished-at="2026-03-19T16:28:00 IST" duration-ms="14" status="PASS">
          <reporter-output>
          </reporter-output>
        </test-method> <!-- loadConfig -->
        <test-method is-config="true" signature="setup()[pri:0, instance:com.leadManager.Test.LeadFlowTest@1ff4931d]" started-at="2026-03-19T16:28:00 IST" name="setup" finished-at="2026-03-19T16:28:03 IST" duration-ms="2334" status="PASS">
          <reporter-output>
          </reporter-output>
        </test-method> <!-- setup -->
        <test-method is-config="true" signature="setupPages()[pri:0, instance:com.leadManager.Test.LeadFlowTest@1ff4931d]" started-at="2026-03-19T16:28:03 IST" name="setupPages" finished-at="2026-03-19T16:28:03 IST" duration-ms="6" status="PASS">
          <reporter-output>
          </reporter-output>
        </test-method> <!-- setupPages -->
        <test-method signature="testCreateLeadFlow()[pri:0, instance:com.leadManager.Test.LeadFlowTest@1ff4931d]" started-at="2026-03-19T16:28:03 IST" name="testCreateLeadFlow" finished-at="2026-03-19T16:28:07 IST" duration-ms="4443" status="PASS">
          <reporter-output>
          </reporter-output>
        </test-method> <!-- testCreateLeadFlow -->
        <test-method is-config="true" signature="tearDown()[pri:0, instance:com.leadManager.Test.LeadFlowTest@1ff4931d]" started-at="2026-03-19T16:28:07 IST" name="tearDown" finished-at="2026-03-19T16:28:07 IST" duration-ms="311" status="PASS">
          <reporter-output>
          </reporter-output>
        </test-method> <!-- tearDown -->
      </class> <!-- com.leadManager.Test.LeadFlowTest -->
    </test> <!-- Test_chrome -->
  </suite> <!-- LeadManagerSuite -->
</testng-results>
